<?xml version="1.0" encoding="UTF-8"?>
<testsuite name="TestFetchServiceUnitTester" tests="1" skipped="0" failures="0" errors="0" timestamp="2019-10-14T23:37:48" hostname="DESKTOP-BMFHN9F" time="15.32">
  <properties/>
  <testcase name="testEmailCount" classname="TestFetchServiceUnitTester" time="15.32"/>
  <system-out><![CDATA[]]></system-out>
  <system-err><![CDATA[]]></system-err>
</testsuite>
